2021-08-14 16:12:47,912     INFO       client.py      Сформировано сообщение {'action': 'presence', 'time': 1628946767.9125278, 'user': {'account_name': 'Guest'}}
2021-08-14 16:15:50,082     INFO       client.py      Сформировано сообщение {'action': 'presence', 'time': 1628946950.082793, 'user': {'account_name': 'Guest'}}
2021-08-17 13:38:21,655     INFO       client.py      Сформировано 'presence' сообщение для пользователя 'Guest'
2021-08-17 13:38:21,692     INFO       client.py      Сформировано 'presence' сообщение для пользователя 'Guest'
2021-08-17 13:38:21,716     INFO       client.py      Сформировано 'presence' сообщение для пользователя 'Guest'
2021-08-17 13:38:21,735     INFO       client.py      Сформировано 'presence' сообщение для пользователя 'Guest'
2021-08-17 13:38:21,737     INFO       client.py      Сформировано 'presence' сообщение для пользователя 'Guest'
2021-08-17 13:38:21,742     INFO       client.py      Сформировано 'presence' сообщение для пользователя 'Guest'
2021-08-17 13:38:21,753     INFO       client.py      Сформировано 'presence' сообщение для пользователя 'Guest'
2021-08-17 13:39:23,750     DEBUG      client.py      Сформирован словарь сообщения: {'action': 'message', 'time': 1629196763.7506883, 'account_name': 'Guest', 'mess_text': 'привет'}
2021-08-17 13:39:55,204     DEBUG      client.py      Сформирован словарь сообщения: {'action': 'message', 'time': 1629196795.2043114, 'account_name': 'Guest', 'mess_text': 'ОК Привет'}
2021-08-17 13:40:11,648     DEBUG      client.py      Сформирован словарь сообщения: {'action': 'message', 'time': 1629196811.648164, 'account_name': 'Guest', 'mess_text': 'Еще привет'}
2021-08-20 13:15:59,249     DEBUG      client.py      Сформировано 'presence' сообщение для пользователя 'Guest'
2021-08-20 13:15:59,249     DEBUG      client.py      Сформировано 'presence' сообщение для пользователя 'Guest'
2021-08-20 13:15:59,249     DEBUG      server.py      Разбор сообщения от клиента: '{'action': 'presence', 'time': 1629454559.2492483, 'user': {'account_name': 'Guest'}}'
2021-08-20 13:15:59,249     DEBUG      client.py      Приветственное сообщения от сервера: {'response': 200}, разбор.
2021-08-20 13:15:59,264     DEBUG      client.py      Сформировано 'presence' сообщение для пользователя 'Guest'
2021-08-20 13:15:59,264     DEBUG      server.py      Разбор сообщения от клиента: '{'action': 'presence', 'time': 1629454559.2492483, 'user': {'account_name': 'Guest'}}'
2021-08-20 13:15:59,264     DEBUG      client.py      Приветственное сообщения от сервера: {'response': 400, 'error': 'Это имя уже используется.'}, разбор.
2021-08-20 13:15:59,765     DEBUG      server.py      Разбор сообщения от клиента: '{'action': 'presence', 'time': 1629454559.2648737, 'user': {'account_name': 'Guest'}}'
2021-08-20 13:15:59,765     DEBUG      client.py      Приветственное сообщения от сервера: {'response': 400, 'error': 'Это имя уже используется.'}, разбор.
2021-08-20 13:16:56,984     DEBUG      client.py      Сформирован словарь сообщения: {'action': 'message', 'from': 'test1', 'to': '001', 'time': 1629454616.9845068, 'mess_text': 'Hi'}.
2021-08-20 13:16:57,141     DEBUG      server.py      Разбор сообщения от клиента: '{'action': 'message', 'from': 'test1', 'to': '001', 'time': 1629454616.9845068, 'mess_text': 'Hi'}'
2021-08-20 13:17:49,672     DEBUG      client.py      Сформировано 'presence' сообщение для пользователя 'Guest'
2021-08-20 13:17:49,687     DEBUG      client.py      Сформировано 'presence' сообщение для пользователя 'Guest'
2021-08-20 13:17:49,687     DEBUG      client.py      Сформировано 'presence' сообщение для пользователя 'Guest'
6721861, 'user': {'account_name': 'Guest'}}'
2021-08-20 13:17:49,687     DEBUG      client.py      Приветственное сообщения от сервера: {'response': 200}, разбор.
2021-08-20 13:17:49,687     DEBUG      server.py      Разбор сообщения от клиента: '{'action': 'presence', 'time': 1629454669.687812, 'user': {'account_name': 'Guest'}}'
2021-08-20 13:17:49,687     DEBUG      client.py      Приветственное сообщения от сервера: {'response': 400, 'error': 'Это имя уже используется.'}, разбор.
2021-08-20 13:17:49,687     DEBUG      server.py      Разбор сообщения от клиента: '{'action': 'presence', 'time': 1629454669.687812, 'user': {'account_name': 'Guest'}}'
2021-08-20 13:17:49,687     DEBUG      client.py      Приветственное сообщения от сервера: {'response': 400, 'error': 'Это имя уже используется.'}, разбор.
2021-08-20 13:18:15,726     DEBUG      client.py      Сформирован словарь сообщения: {'action': 'message', 'from': 'test1', 'to': 'test2', 'time': 1629454695.7269237, 'mess_text': 'Hi'}.
2021-08-20 13:18:15,961     DEBUG      server.py      Разбор сообщения от клиента: '{'action': 'message', 'from': 'test1', 'to': 'test2', 'time': 1629454695.7269237, 'mess_text': 'Hi'}'
2021-08-20 13:22:13,187     DEBUG      client.py      Сформировано 'presence' сообщение для пользователя 'Guest'
2021-08-20 13:22:13,199     DEBUG      client.py      Сформировано 'presence' сообщение для пользователя 'Guest'
2021-08-20 13:22:13,199     DEBUG      server.py      Разбор сообщения от клиента: '{'action': 'presence', 'time': 1629454933.1877947, 'user': {'account_name': 'Guest'}}'
2021-08-20 13:22:13,199     DEBUG      client.py      Приветственное сообщения от сервера: {'response': 200}, разбор.
2021-08-20 13:22:13,203     DEBUG      client.py      Сформировано 'presence' сообщение для пользователя 'Guest'
2021-08-20 13:22:13,203     DEBUG      server.py      Разбор сообщения от клиента: '{'action': 'presence', 'time': 1629454933.1997972, 'user': {'account_name': 'Guest'}}'
2021-08-20 13:22:13,203     DEBUG      client.py      Приветственное сообщения от сервера: {'response': 400, 'error': 'Это имя уже используется.'}, разбор.
2021-08-20 13:22:13,715     DEBUG      server.py      Разбор сообщения от клиента: '{'action': 'presence', 'time': 1629454933.203798, 'user': {'account_name': 'Guest'}}'
2021-08-20 13:22:13,715     DEBUG      client.py      Приветственное сообщения от сервера: {'response': 400, 'error': 'Это имя уже используется.'}, разбор.
2021-08-20 13:22:43,073     DEBUG      client.py      Сформирован словарь сообщения: {'action': 'message', 'from': 'test1', 'to': 'test2', 'time': 1629454963.07349, 'mess_text': 'hi'}.
2021-08-20 13:22:43,417     DEBUG      server.py      Разбор сообщения от клиента: '{'action': 'message', 'from': 'test1', 'to': 'test2', 'time': 1629454963.07349, 'mess_text': 'hi'}'
2021-08-20 13:23:00,516     DEBUG      server.py      Разбор сообщения от клиента: '{'action': 'exit', 'time': 1629454980.4381366, 'account_name': 'test1'}'
2021-08-20 13:26:54,680     DEBUG      client.py      Сформировано 'presence' сообщение для пользователя 'Guest'
2021-08-20 13:26:54,680     DEBUG      server.py      Разбор сообщения от клиента: '{'action': 'presence', 'time': 1629455214.6800804, 'user': {'account_name': 'Guest'}}'
2021-08-20 13:26:54,680     DEBUG      client.py      Приветственное сообщения от сервера: {'response': 200}, разбор.
2021-08-20 13:26:54,680     DEBUG      client.py      Сформировано 'presence' сообщение для пользователя 'Guest'
2021-08-20 13:26:54,695     DEBUG      client.py      Сформировано 'presence' сообщение для пользователя 'Guest'
2021-08-20 13:26:54,695     DEBUG      server.py      Разбор сообщения от клиента: '{'action': 'presence', 'time': 1629455214.6800804, 'user': {'account_name': 'Guest'}}'
2021-08-20 13:26:54,695     DEBUG      client.py      Приветственное сообщения от сервера: {'response': 400, 'error': 'Это имя уже используется.'}, разбор.
2021-08-20 13:26:54,695     DEBUG      server.py      Разбор сообщения от клиента: '{'action': 'presence', 'time': 1629455214.6957068, 'user': {'account_name': 'Guest'}}'
2021-08-20 13:26:54,695     DEBUG      client.py      Приветственное сообщения от сервера: {'response': 400, 'error': 'Это имя уже используется.'}, разбор.
2021-08-20 13:39:06,300     DEBUG      client.py      Сформировано 'presence' сообщение для пользователя 'test1'
2021-08-20 13:39:06,313     DEBUG      client.py      Сформировано 'presence' сообщение для пользователя 'test2'
2021-08-20 13:39:06,313     DEBUG      server.py      Разбор сообщения от клиента: '{'action': 'presence', 'time': 1629455946.3002837, 'user': {'account_name': 'test1'}}'
2021-08-20 13:39:06,313     DEBUG      client.py      Приветственное сообщения от сервера: {'response': 200}, разбор.
2021-08-20 13:39:06,314     DEBUG      client.py      Сформировано 'presence' сообщение для пользователя 'test3'
2021-08-20 13:39:06,314     DEBUG      server.py      Разбор сообщения от клиента: '{'action': 'presence', 'time': 1629455946.3132863, 'user': {'account_name': 'test2'}}'
2021-08-20 13:39:06,314     DEBUG      client.py      Приветственное сообщения от сервера: {'response': 200}, разбор.
2021-08-20 13:39:06,822     DEBUG      server.py      Разбор сообщения от клиента: '{'action': 'presence', 'time': 1629455946.3142874, 'user': {'account_name': 'test3'}}'
2021-08-20 13:39:06,822     DEBUG      client.py      Приветственное сообщения от сервера: {'response': 200}, разбор.
2021-08-20 13:39:39,588     DEBUG      client.py      Сформирован словарь сообщения: {'action': 'message', 'from': 'test3', 'to': 'test1', 'time': 1629455979.5882514, 'mess_text': 'Hi'}.
2021-08-20 13:39:39,604     DEBUG      server.py      Разбор сообщения от клиента: '{'action': 'message', 'from': 'test3', 'to': 'test1', 'time': 1629455979.5882514, 'mess_text': 'Hi'}'
2021-08-20 13:40:22,244     DEBUG      client.py      Сформирован словарь сообщения: {'action': 'message', 'from': 'test3', 'to': 'Сам hi', 'time': 1629456022.2443917, 'mess_text': 'hdjksjd'}.
2021-08-20 13:40:22,463     DEBUG      server.py      Разбор сообщения от клиента: '{'action': 'message', 'from': 'test3', 'to': 'Сам hi', 'time': 1629456022.2443917, 'mess_text': 'hdjksjd'}'
2021-08-20 13:47:56,968     DEBUG      client.py      Сформировано 'presence' сообщение для пользователя 'test1'
2021-08-20 13:47:56,968     DEBUG      client.py      Сформировано 'presence' сообщение для пользователя 'test2'
2021-08-20 13:47:56,968     DEBUG      server.py      Разбор сообщения от клиента: '{'action': 'presence', 'time': 1629456476.9681845, 'user': {'account_name': 'test1'}}'
2021-08-20 13:47:56,968     DEBUG      client.py      Приветственное сообщения от сервера: {'response': 200}, разбор.
2021-08-20 13:47:56,968     DEBUG      server.py      Разбор сообщения от клиента: '{'action': 'presence', 'time': 1629456476.9681845, 'user': {'account_name': 'test2'}}'
2021-08-20 13:47:56,968     DEBUG      client.py      Приветственное сообщения от сервера: {'response': 200}, разбор.
2021-08-20 13:47:56,968     DEBUG      client.py      Сформировано 'presence' сообщение для пользователя 'test3'
2021-08-20 13:47:57,484     DEBUG      server.py      Разбор сообщения от клиента: '{'action': 'presence', 'time': 1629456476.9681845, 'user': {'account_name': 'test3'}}'
2021-08-20 13:47:57,484     DEBUG      client.py      Приветственное сообщения от сервера: {'response': 200}, разбор.
2021-08-20 13:48:27,172     DEBUG      client.py      Сформировано 'presence' сообщение для пользователя 'test1'
2021-08-20 13:48:27,187     DEBUG      server.py      Разбор сообщения от клиента: '{'action': 'presence', 'time': 1629456507.1722426, 'user': {'account_name': 'test1'}}'
2021-08-20 13:48:27,187     DEBUG      client.py      Приветственное сообщения от сервера: {'response': 200}, разбор.
2021-08-20 13:48:27,187     DEBUG      client.py      Сформировано 'presence' сообщение для пользователя 'test2'
2021-08-20 13:48:27,187     DEBUG      server.py      Разбор сообщения от клиента: '{'action': 'presence', 'time': 1629456507.187869, 'user': {'account_name': 'test2'}}'
2021-08-20 13:48:27,187     DEBUG      client.py      Приветственное сообщения от сервера: {'response': 200}, разбор.
2021-08-20 13:48:27,203     DEBUG      client.py      Сформировано 'presence' сообщение для пользователя 'test3'
2021-08-20 13:48:27,703     DEBUG      server.py      Разбор сообщения от клиента: '{'action': 'presence', 'time': 1629456507.2034957, 'user': {'account_name': 'test3'}}'
2021-08-20 13:48:27,703     DEBUG      client.py      Приветственное сообщения от сервера: {'response': 200}, разбор.
2021-08-20 13:50:26,086     DEBUG      client.py      Сформировано 'presence' сообщение для пользователя 'test1'
2021-08-20 13:50:26,086     DEBUG      server.py      Разбор сообщения от клиента: '{'action': 'presence', 'time': 1629456626.0862894, 'user': {'account_name': 'test1'}}'
2021-08-20 13:50:26,086     DEBUG      client.py      Приветственное сообщения от сервера: {'response': 200}, разбор.
2021-08-20 13:50:26,101     DEBUG      client.py      Сформировано 'presence' сообщение для пользователя 'test2'
2021-08-20 13:50:26,101     DEBUG      client.py      Сформировано 'presence' сообщение для пользователя 'test3'
2021-08-20 13:50:26,101     DEBUG      server.py      Разбор сообщения от клиента: '{'action': 'presence', 'time': 1629456626.101916, 'user': {'account_name': 'test2'}}'
2021-08-20 13:50:26,101     DEBUG      client.py      Приветственное сообщения от сервера: {'response': 200}, разбор.
2021-08-20 13:50:26,601     DEBUG      server.py      Разбор сообщения от клиента: '{'action': 'presence', 'time': 1629456626.101916, 'user': {'account_name': 'test3'}}'
2021-08-20 13:50:26,601     DEBUG      client.py      Приветственное сообщения от сервера: {'response': 200}, разбор.
2021-08-20 13:51:13,866     DEBUG      client.py      Сформировано 'presence' сообщение для пользователя 'test1'
2021-08-20 13:51:13,875     DEBUG      client.py      Сформировано 'presence' сообщение для пользователя 'test2'
2021-08-20 13:51:13,875     DEBUG      server.py      Разбор сообщения от клиента: '{'action': 'presence', 'time': 1629456673.866406, 'user': {'account_name': 'test1'}}'
2021-08-20 13:51:13,875     DEBUG      client.py      Приветственное сообщения от сервера: {'response': 200}, разбор.
2021-08-20 13:51:13,877     DEBUG      client.py      Сформировано 'presence' сообщение для пользователя 'test3'
2021-08-20 13:51:13,877     DEBUG      server.py      Разбор сообщения от клиента: '{'action': 'presence', 'time': 1629456673.875408, 'user': {'account_name': 'test2'}}'
2021-08-20 13:51:13,877     DEBUG      client.py      Приветственное сообщения от сервера: {'response': 200}, разбор.
2021-08-20 13:51:14,385     DEBUG      server.py      Разбор сообщения от клиента: '{'action': 'presence', 'time': 1629456673.8774083, 'user': {'account_name': 'test3'}}'
2021-08-20 13:51:14,385     DEBUG      client.py      Приветственное сообщения от сервера: {'response': 200}, разбор.
2021-08-20 13:53:24,798     DEBUG      client.py      Сформировано 'presence' сообщение для пользователя 'test1'
2021-08-20 13:53:24,798     DEBUG      server.py      Разбор сообщения от клиента: '{'action': 'presence', 'time': 1629456804.7986488, 'user': {'account_name': 'test1'}}'
2021-08-20 13:53:24,798     DEBUG      client.py      Приветственное сообщения от сервера: {'response': 200}, разбор.
2021-08-20 13:53:24,798     DEBUG      client.py      Сформировано 'presence' сообщение для пользователя 'test2'
2021-08-20 13:53:24,814     DEBUG      client.py      Сформировано 'presence' сообщение для пользователя 'test3'
2021-08-20 13:53:24,814     DEBUG      server.py      Разбор сообщения от клиента: '{'action': 'presence', 'time': 1629456804.7986488, 'user': {'account_name': 'test2'}}'
2021-08-20 13:53:24,814     DEBUG      client.py      Приветственное сообщения от сервера: {'response': 200}, разбор.
2021-08-20 13:53:25,315     DEBUG      server.py      Разбор сообщения от клиента: '{'action': 'presence', 'time': 1629456804.8142753, 'user': {'account_name': 'test3'}}'
2021-08-20 13:53:25,315     DEBUG      client.py      Приветственное сообщения от сервера: {'response': 200}, разбор.
2021-08-20 13:53:43,475     DEBUG      client.py      Сформирован словарь сообщения: {'action': 'message', 'from': 'test3', 'to': 'test2', 'time': 1629456823.4754572, 'mess_text': 'HI'}.
2021-08-20 13:53:43,959     DEBUG      server.py      Разбор сообщения от клиента: '{'action': 'message', 'from': 'test3', 'to': 'test2', 'time': 1629456823.4754572, 'mess_text': 'HI'}'
2021-08-20 13:55:49,580     DEBUG      client.py      Сформировано 'presence' сообщение для пользователя 'test1'
2021-08-20 13:55:49,580     DEBUG      server.py      Разбор сообщения от клиента: '{'action': 'presence', 'time': 1629456949.580689, 'user': {'account_name': 'test1'}}'
2021-08-20 13:55:49,596     DEBUG      client.py      Приветственное сообщения от сервера: {'response': 200}, разбор.
2021-08-20 13:55:49,596     DEBUG      client.py      Сформировано 'presence' сообщение для пользователя 'test2'
2021-08-20 13:55:49,596     DEBUG      client.py      Сформировано 'presence' сообщение для пользователя 'test3'
2021-08-20 13:55:49,596     DEBUG      server.py      Разбор сообщения от клиента: '{'action': 'presence', 'time': 1629456949.596315, 'user': {'account_name': 'test2'}}'
2021-08-20 13:55:49,596     DEBUG      client.py      Приветственное сообщения от сервера: {'response': 200}, разбор.
2021-08-20 13:55:50,096     DEBUG      server.py      Разбор сообщения от клиента: '{'action': 'presence', 'time': 1629456949.596315, 'user': {'account_name': 'test3'}}'
2021-08-20 13:55:50,096     DEBUG      client.py      Приветственное сообщения от сервера: {'response': 200}, разбор.
2021-08-20 13:56:35,495     DEBUG      client.py      Сформирован словарь сообщения: {'action': 'm-', 'from': 'test3', 'to': 'test1', 'time': 1629456995.4954631, 'mess_text': 'sf'}.
2021-08-20 13:56:35,964     DEBUG      server.py      Разбор сообщения от клиента: '{'action': 'm-', 'from': 'test3', 'to': 'test1', 'time': 1629456995.4954631, 'mess_text': 'sf'}'
2021-08-20 13:58:11,991     DEBUG      client.py      Сформировано 'presence' сообщение для пользователя 'test1'
2021-08-20 13:58:11,991     DEBUG      client.py      Сформировано 'presence' сообщение для пользователя 'test2'
2021-08-20 13:58:11,991     DEBUG      server.py      Разбор сообщения от клиента: '{'action': 'presence', 'time': 1629457091.9916854, 'user': {'account_name': 'test1'}}'
2021-08-20 13:58:11,991     DEBUG      client.py      Приветственное сообщения от сервера: {'response': 200}, разбор.
2021-08-20 13:58:11,991     DEBUG      client.py      Сформировано 'presence' сообщение для пользователя 'test3'
2021-08-20 13:58:11,991     DEBUG      server.py      Разбор сообщения от клиента: '{'action': 'presence', 'time': 1629457091.9916854, 'user': {'account_name': 'test2'}}'
2021-08-20 13:58:11,991     DEBUG      client.py      Приветственное сообщения от сервера: {'response': 200}, разбор.
2021-08-20 13:58:12,492     DEBUG      server.py      Разбор сообщения от клиента: '{'action': 'presence', 'time': 1629457091.9916854, 'user': {'account_name': 'test3'}}'
2021-08-20 13:58:12,492     DEBUG      client.py      Приветственное сообщения от сервера: {'response': 200}, разбор.
2021-08-20 13:59:31,449     DEBUG      client.py      Сформирован словарь сообщения: {'action': 'm-', 'from': 'test1', 'to': 'test2', 'time': 1629457171.449281, 'mess_text': 'Привет Рома'}.
2021-08-20 13:59:31,793     DEBUG      server.py      Разбор сообщения от клиента: '{'action': 'm-', 'from': 'test1', 'to': 'test2', 'time': 1629457171.449281, 'mess_text': 'Привет Рома'}'
2021-10-14 19:28:48,848     DEBUG      client.py      Сформировано 'presence' сообщение для пользователя 'test3'
2021-10-14 19:28:48,868     DEBUG      server.py      Разбор сообщения от клиента: '{'action': 'presence', 'time': 1634228928.8486664, 'user': {'account_name': 'test3'}}'
2021-10-14 19:28:48,868     DEBUG      client.py      Приветственное сообщения от сервера: {'response': 200}, разбор.
2021-10-14 19:28:49,349     DEBUG      client.py      Сформировано 'presence' сообщение для пользователя 'test1'
2021-10-14 19:28:49,354     DEBUG      server.py      Разбор сообщения от клиента: '{'action': 'presence', 'time': 1634228929.3498514, 'user': {'account_name': 'test1'}}'
2021-10-14 19:28:49,354     DEBUG      client.py      Приветственное сообщения от сервера: {'response': 200}, разбор.
2021-10-14 19:28:49,369     DEBUG      server.py      Разбор сообщения от клиента: '{'action': 'presence', 'time': 1634228929.3498514, 'user': {'account_name': 'test2'}}'
2021-10-14 19:28:49,369     DEBUG      client.py      Приветственное сообщения от сервера: {'response': 200}, разбор.
2021-10-14 19:31:08,076     DEBUG      client.py      Сформирован словарь сообщения: {'action': 'm-', 'from': 'test3', 'to': '001', 'time': 1634229068.0768332, 'mess_text': 'dfhgkjfghjkhd'}.
2021-10-14 19:31:08,296     DEBUG      server.py      Разбор сообщения от клиента: '{'action': 'm-', 'from': 'test3', 'to': '001', 'time': 1634229068.0768332, 'mess_text': 'dfhgkjfghjkhd'}'
2021-10-14 19:33:59,658     DEBUG      client.py      Сформировано 'presence' сообщение для пользователя 'test1'
2021-10-14 19:33:59,663     DEBUG      client.py      Сформировано 'presence' сообщение для пользователя 'test2'
2021-10-14 19:33:59,663     DEBUG      server.py      Разбор сообщения от клиента: '{'action': 'presence', 'time': 1634229239.658265, 'user': {'account_name': 'test1'}}'
2021-10-14 19:33:59,668     DEBUG      client.py      Приветственное сообщения от сервера: {'response': 200}, разбор.
2021-10-14 19:33:59,673     DEBUG      client.py      Сформировано 'presence' сообщение для пользователя 'test3'
2021-10-14 19:33:59,673     DEBUG      server.py      Разбор сообщения от клиента: '{'action': 'presence', 'time': 1634229239.6632643, 'user': {'account_name': 'test2'}}'
2021-10-14 19:33:59,673     DEBUG      client.py      Приветственное сообщения от сервера: {'response': 200}, разбор.
2021-10-14 19:34:00,177     DEBUG      server.py      Разбор сообщения от клиента: '{'action': 'presence', 'time': 1634229239.6732647, 'user': {'account_name': 'test3'}}'
2021-10-14 19:34:00,177     DEBUG      client.py      Приветственное сообщения от сервера: {'response': 200}, разбор.
2021-10-14 19:34:56,053     DEBUG      client.py      Сформирован словарь сообщения: {'action': 'm-', 'from': 'test1', 'to': '1', 'time': 1634229296.0530846, 'mess_text': 'sdfs'}.
2021-10-14 19:34:56,536     DEBUG      server.py      Разбор сообщения от клиента: '{'action': 'm-', 'from': 'test1', 'to': '1', 'time': 1634229296.0530846, 'mess_text': 'sdfs'}'
2021-10-14 19:36:36,246     DEBUG      client.py      Сформирован словарь сообщения: {'action': 'm-', 'from': 'test1', 'to': 'test1', 'time': 1634229396.2464533, 'mess_text': 'gdfjhgjg'}.
2021-10-14 19:36:36,495     DEBUG      server.py      Разбор сообщения от клиента: '{'action': 'm-', 'from': 'test1', 'to': 'test1', 'time': 1634229396.2464533, 'mess_text': 'gdfjhgjg'}'
2021-10-14 19:37:11,773     DEBUG      client.py      Сформирован словарь сообщения: {'action': 'm-', 'from': 'test1', 'to': 'test2', 'time': 1634229431.7733858, 'mess_text': 'ksldk_1=>2'}.
2021-10-14 19:37:12,114     DEBUG      server.py      Разбор сообщения от клиента: '{'action': 'm-', 'from': 'test1', 'to': 'test2', 'time': 1634229431.7733858, 'mess_text': 'ksldk_1=>2'}'
2021-10-14 19:37:46,375     DEBUG      client.py      Сформирован словарь сообщения: {'action': 'm-', 'from': 'test1', 'to': 'test3', 'time': 1634229466.3750644, 'mess_text': 'sdhfjskdhf_1=>3'}.
2021-10-14 19:37:46,695     DEBUG      server.py      Разбор сообщения от клиента: '{'action': 'm-', 'from': 'test1', 'to': 'test3', 'time': 1634229466.3750644, 'mess_text': 'sdhfjskdhf_1=>3'}'
2021-10-14 19:39:09,035     DEBUG      client.py      Сформирован словарь сообщения: {'action': 'm-', 'from': 'test3', 'to': 'test3', 'time': 1634229549.0352197, 'mess_text': 'djfgk_3=>3'}.
2021-10-14 19:39:09,078     DEBUG      server.py      Разбор сообщения от клиента: '{'action': 'm-', 'from': 'test3', 'to': 'test3', 'time': 1634229549.0352197, 'mess_text': 'djfgk_3=>3'}'
2021-10-14 22:43:28,776     DEBUG      client.py      Сформировано 'presence' сообщение для пользователя 'test1'
2021-10-14 22:43:28,790     DEBUG      client.py      Сформировано 'presence' сообщение для пользователя 'test3'
2021-10-14 22:43:28,790     DEBUG      client.py      Сформировано 'presence' сообщение для пользователя 'test2'
2021-10-14 22:43:28,790     DEBUG      server.py      Разбор сообщения от клиента: '{'action': 'presence', 'time': 1634240608.7764695, 'user': {'account_name': 'test1'}}'
2021-10-14 22:43:28,790     DEBUG      client.py      Приветственное сообщения от сервера: {'response': 200}, разбор.
2021-10-14 22:43:28,791     DEBUG      server.py      Разбор сообщения от клиента: '{'action': 'presence', 'time': 1634240608.7904727, 'user': {'account_name': 'test2'}}'
2021-10-14 22:43:28,791     DEBUG      client.py      Приветственное сообщения от сервера: {'response': 200}, разбор.
2021-10-14 22:43:28,791     DEBUG      server.py      Разбор сообщения от клиента: '{'action': 'presence', 'time': 1634240608.7904727, 'user': {'account_name': 'test3'}}'
2021-10-14 22:43:28,791     DEBUG      client.py      Приветственное сообщения от сервера: {'response': 200}, разбор.
2021-10-14 22:44:05,147     DEBUG      client.py      Сформирован словарь сообщения: {'action': 'm-', 'from': 'test1', 'to': 'test3', 'time': 1634240645.1478364, 'mess_text': 'erere'}.
2021-10-14 22:44:05,638     DEBUG      server.py      Разбор сообщения от клиента: '{'action': 'm-', 'from': 'test1', 'to': 'test3', 'time': 1634240645.1478364, 'mess_text': 'erere'}'
2021-10-19 12:07:33,450     DEBUG      client.py      Сформировано 'presence' сообщение для пользователя 'test1'
2021-10-19 12:07:33,465     DEBUG      client.py      Сформировано 'presence' сообщение для пользователя 'test2'
2021-10-19 12:07:33,465     DEBUG      server.py      Разбор сообщения от клиента: '{'action': 'presence', 'time': 1634634453.4501045, 'user': {'account_name': 'test1'}}'
2021-10-19 12:07:33,465     DEBUG      client.py      Приветственное сообщения от сервера: {'response': 200}, разбор.
2021-10-19 12:07:33,465     DEBUG      server.py      Разбор сообщения от клиента: '{'action': 'presence', 'time': 1634634453.46573, 'user': {'account_name': 'test2'}}'
2021-10-19 12:07:33,465     DEBUG      client.py      Приветственное сообщения от сервера: {'response': 200}, разбор.
2021-10-19 12:07:33,465     DEBUG      client.py      Сформировано 'presence' сообщение для пользователя 'test3'
2021-10-19 12:07:33,465     DEBUG      server.py      Разбор сообщения от клиента: '{'action': 'presence', 'time': 1634634453.46573, 'user': {'account_name': 'test3'}}'
2021-10-19 12:07:33,465     DEBUG      client.py      Приветственное сообщения от сервера: {'response': 200}, разбор.
2021-10-19 12:08:00,001     DEBUG      client.py      Сформировано 'presence' сообщение для пользователя 'test1'
2021-10-19 12:08:00,032     DEBUG      client.py      Сформировано 'presence' сообщение для пользователя 'test2'
2021-10-19 12:08:00,032     DEBUG      server.py      Разбор сообщения от клиента: '{'action': 'presence', 'time': 1634634480.0016158, 'user': {'account_name': 'test1'}}'
2021-10-19 12:08:00,032     DEBUG      client.py      Приветственное сообщения от сервера: {'response': 200}, разбор.
2021-10-19 12:08:00,032     DEBUG      client.py      Сформировано 'presence' сообщение для пользователя 'test3'
2021-10-19 12:08:00,032     DEBUG      server.py      Разбор сообщения от клиента: '{'action': 'presence', 'time': 1634634480.0328689, 'user': {'account_name': 'test2'}}'
2021-10-19 12:08:00,032     DEBUG      client.py      Приветственное сообщения от сервера: {'response': 200}, разбор.
2021-10-19 12:08:00,048     DEBUG      client.py      Сформировано 'presence' сообщение для пользователя 'test4'
2021-10-19 12:08:00,048     DEBUG      server.py      Разбор сообщения от клиента: '{'action': 'presence', 'time': 1634634480.0328689, 'user': {'account_name': 'test3'}}'
2021-10-19 12:08:00,048     DEBUG      client.py      Приветственное сообщения от сервера: {'response': 200}, разбор.
2021-10-19 12:08:00,048     DEBUG      client.py      Сформировано 'presence' сообщение для пользователя 'test5'
2021-10-19 12:08:00,048     DEBUG      server.py      Разбор сообщения от клиента: '{'action': 'presence', 'time': 1634634480.0484946, 'user': {'account_name': 'test4'}}'
2021-10-19 12:08:00,048     DEBUG      client.py      Приветственное сообщения от сервера: {'response': 200}, разбор.
2021-10-19 12:08:00,548     DEBUG      server.py      Разбор сообщения от клиента: '{'action': 'presence', 'time': 1634634480.0484946, 'user': {'account_name': 'test5'}}'
2021-10-19 12:08:00,548     DEBUG      client.py      Приветственное сообщения от сервера: {'response': 200}, разбор.
2021-10-19 12:11:15,507     DEBUG      client.py      Сформировано 'presence' сообщение для пользователя 'test1'
2021-10-19 12:11:15,507     DEBUG      server.py      Разбор сообщения от клиента: '{'action': 'presence', 'time': 1634634675.5073051, 'user': {'account_name': 'test1'}}'
2021-10-19 12:11:15,507     DEBUG      client.py      Приветственное сообщения от сервера: {'response': 200}, разбор.
2021-10-19 12:11:15,522     DEBUG      client.py      Сформировано 'presence' сообщение для пользователя 'test2'
2021-10-19 12:11:15,522     DEBUG      server.py      Разбор сообщения от клиента: '{'action': 'presence', 'time': 1634634675.522931, 'user': {'account_name': 'test2'}}'
2021-10-19 12:11:15,522     DEBUG      client.py      Приветственное сообщения от сервера: {'response': 200}, разбор.
2021-10-19 12:11:15,538     DEBUG      client.py      Сформировано 'presence' сообщение для пользователя 'test3'
2021-10-19 12:11:16,038     DEBUG      server.py      Разбор сообщения от клиента: '{'action': 'presence', 'time': 1634634675.5385575, 'user': {'account_name': 'test3'}}'
2021-10-19 12:11:16,038     DEBUG      client.py      Приветственное сообщения от сервера: {'response': 200}, разбор.
2021-10-19 12:12:13,522     DEBUG      server.py      Разбор сообщения от клиента: '{'action': 'exit', 'time': 1634634733.1320028, 'account_name': 'test3'}'
2021-10-19 13:11:39,216     DEBUG      client.py      Сформировано 'presence' сообщение для пользователя 'test1'
2021-10-19 13:11:39,717     DEBUG      server.py      Разбор сообщения от клиента: '{'action': 'presence', 'time': 1634638299.216999, 'user': {'account_name': 'test1'}}'
2021-10-19 13:11:39,717     DEBUG      client.py      Приветственное сообщения от сервера: {'response': 200}, разбор.
2021-10-19 13:12:20,786     DEBUG      client.py      Сформирован словарь сообщения: {'action': 'm-', 'from': 'test1', 'to': 'test1', 'time': 1634638340.786532, 'mess_text': 'sgdfhgdhgfsjfgsg sghdgfh'}.
2021-10-19 13:12:20,974     DEBUG      server.py      Разбор сообщения от клиента: '{'action': 'm-', 'from': 'test1', 'to': 'test1', 'time': 1634638340.786532, 'mess_text': 'sgdfhgdhgfsjfgsg sghdgfh'}'
2021-10-19 15:56:30,781     DEBUG      client.py      Сформировано 'presence' сообщение для пользователя 'test'
2021-10-19 15:56:31,292     DEBUG      server.py      Разбор сообщения от клиента: '{'action': 'presence', 'time': 1634648190.78119, 'user': {'account_name': 'test'}}'
2021-10-19 15:56:31,292     DEBUG      client.py      Приветственное сообщения от сервера: {'response': 200}, разбор.
2021-10-19 15:56:49,238     DEBUG      client.py      Сформирован словарь сообщения: {'action': 'm-', 'from': 'test', 'to': 'test', 'time': 1634648209.2387533, 'mess_text': 'ghjhgjhgj klkkkj'}.
2021-10-19 15:56:49,588     DEBUG      server.py      Разбор сообщения от клиента: '{'action': 'm-', 'from': 'test', 'to': 'test', 'time': 1634648209.2387533, 'mess_text': 'ghjhgjhgj klkkkj'}'
2021-10-19 16:23:01,202     DEBUG      client.py      Сформировано 'presence' сообщение для пользователя 't'
2021-10-19 16:23:01,202     DEBUG      server.py      Разбор сообщения от клиента: '{'action': 'presence', 'time': 1634649781.2023857, 'user': {'account_name': 't'}}'
2021-10-19 16:23:01,202     DEBUG      client.py      Приветственное сообщения от сервера: {'response': 200}, разбор.
2021-10-19 16:23:13,457     DEBUG      client.py      Сформирован словарь сообщения: {'action': 'm-', 'from': 't', 'to': 't', 'time': 1634649793.4574063, 'mess_text': 'sdfsd sdfsd'}.
2021-10-19 16:23:13,864     DEBUG      server.py      Разбор сообщения от клиента: '{'action': 'm-', 'from': 't', 'to': 't', 'time': 1634649793.4574063, 'mess_text': 'sdfsd sdfsd'}'
2021-10-19 20:31:18,580     DEBUG      client.py      Сформировано 'presence' сообщение для пользователя 'test1'
2021-10-19 20:31:18,585     DEBUG      client.py      Сформировано 'presence' сообщение для пользователя 'test2'
2021-10-19 20:31:18,586     DEBUG      server.py      Разбор сообщения от клиента: '{'action': 'presence', 'time': 1634664678.5802553, 'user': {'account_name': 'test1'}}'
2021-10-19 20:31:18,586     DEBUG      client.py      Приветственное сообщения от сервера: {'response': 200}, разбор.
2021-10-19 20:31:18,586     DEBUG      server.py      Разбор сообщения от клиента: '{'action': 'presence', 'time': 1634664678.5852563, 'user': {'account_name': 'test2'}}'
2021-10-19 20:31:18,586     DEBUG      client.py      Приветственное сообщения от сервера: {'response': 200}, разбор.
2021-10-19 20:31:18,595     DEBUG      client.py      Сформировано 'presence' сообщение для пользователя 'test3'
2021-10-19 20:31:19,101     DEBUG      server.py      Разбор сообщения от клиента: '{'action': 'presence', 'time': 1634664678.5952587, 'user': {'account_name': 'test3'}}'
2021-10-19 20:31:19,101     DEBUG      client.py      Приветственное сообщения от сервера: {'response': 200}, разбор.
2021-10-19 20:31:48,810     DEBUG      client.py      Сформирован словарь сообщения: {'action': 'm-', 'from': 'test3', 'to': 'test1', 'time': 1634664708.8100667, 'mess_text': 'sdsds'}.
2021-10-19 20:31:48,813     DEBUG      server.py      Разбор сообщения от клиента: '{'action': 'm-', 'from': 'test3', 'to': 'test1', 'time': 1634664708.8100667, 'mess_text': 'sdsds'}'
2021-10-19 21:36:17,489     DEBUG      client.py      Сформировано 'presence' сообщение для пользователя 'test1'
2021-10-19 21:36:17,503     DEBUG      client.py      Сформировано 'presence' сообщение для пользователя 'test2'
2021-10-19 21:36:17,504     DEBUG      server.py      Разбор сообщения от клиента: '{'action': 'presence', 'time': 1634668577.4896002, 'user': {'account_name': 'test1'}}'
2021-10-19 21:36:17,504     DEBUG      client.py      Приветственное сообщения от сервера: {'response': 200}, разбор.
2021-10-19 21:36:17,510     DEBUG      client.py      Сформировано 'presence' сообщение для пользователя 'test3'
2021-10-19 21:36:17,511     DEBUG      server.py      Разбор сообщения от клиента: '{'action': 'presence', 'time': 1634668577.5036027, 'user': {'account_name': 'test2'}}'
2021-10-19 21:36:17,511     DEBUG      client.py      Приветственное сообщения от сервера: {'response': 200}, разбор.
2021-10-19 21:36:18,019     DEBUG      server.py      Разбор сообщения от клиента: '{'action': 'presence', 'time': 1634668577.5106044, 'user': {'account_name': 'test3'}}'
2021-10-19 21:36:18,019     DEBUG      client.py      Приветственное сообщения от сервера: {'response': 200}, разбор.
2021-10-19 21:36:36,923     DEBUG      client.py      Сформирован словарь сообщения: {'action': 'm-', 'from': 'test3', 'to': 'test2', 'time': 1634668596.923305, 'mess_text': 'sdsfs'}.
2021-10-19 21:36:37,163     DEBUG      server.py      Разбор сообщения от клиента: '{'action': 'm-', 'from': 'test3', 'to': 'test2', 'time': 1634668596.923305, 'mess_text': 'sdsfs'}'
2021-10-19 21:42:58,449     DEBUG      client.py      Сформировано 'presence' сообщение для пользователя 'test1'
2021-10-19 21:42:58,456     DEBUG      client.py      Сформировано 'presence' сообщение для пользователя 'test2'
2021-10-19 21:42:58,457     DEBUG      server.py      Разбор сообщения от клиента: '{'action': 'presence', 'time': 1634668978.4492576, 'user': {'account_name': 'test1'}}'
2021-10-19 21:42:58,457     DEBUG      client.py      Приветственное сообщения от сервера: {'response': 200}, разбор.
2021-10-19 21:42:58,465     DEBUG      client.py      Сформировано 'presence' сообщение для пользователя 'test3'
2021-10-19 21:42:58,466     DEBUG      server.py      Разбор сообщения от клиента: '{'action': 'presence', 'time': 1634668978.456259, 'user': {'account_name': 'test2'}}'
2021-10-19 21:42:58,466     DEBUG      client.py      Приветственное сообщения от сервера: {'response': 200}, разбор.
2021-10-19 21:42:58,969     DEBUG      server.py      Разбор сообщения от клиента: '{'action': 'presence', 'time': 1634668978.465261, 'user': {'account_name': 'test3'}}'
2021-10-19 21:42:58,969     DEBUG      client.py      Приветственное сообщения от сервера: {'response': 200}, разбор.
2021-10-19 21:43:18,651     DEBUG      client.py      Сформирован словарь сообщения: {'action': 'm-', 'from': 'test3', 'to': 'test2', 'time': 1634668998.65194, 'mess_text': 'sdjf ksdj jk'}.
2021-10-19 21:43:19,089     DEBUG      server.py      Разбор сообщения от клиента: '{'action': 'm-', 'from': 'test3', 'to': 'test2', 'time': 1634668998.65194, 'mess_text': 'sdjf ksdj jk'}'
2021-10-19 21:43:27,618     DEBUG      server.py      Разбор сообщения от клиента: '{'action': 'exit', 'time': 1634669007.2007115, 'account_name': 'test3'}'
2021-10-19 21:44:27,227     DEBUG      client.py      Сформировано 'presence' сообщение для пользователя 'test1'
2021-10-19 21:44:27,239     DEBUG      client.py      Сформировано 'presence' сообщение для пользователя 'test2'
2021-10-19 21:44:27,240     DEBUG      server.py      Разбор сообщения от клиента: '{'action': 'presence', 'time': 1634669067.2274492, 'user': {'account_name': 'test1'}}'
2021-10-19 21:44:27,240     DEBUG      client.py      Приветственное сообщения от сервера: {'response': 200}, разбор.
2021-10-19 21:44:27,248     DEBUG      client.py      Сформировано 'presence' сообщение для пользователя 'test3'
2021-10-19 21:44:27,248     DEBUG      server.py      Разбор сообщения от клиента: '{'action': 'presence', 'time': 1634669067.239452, 'user': {'account_name': 'test2'}}'
2021-10-19 21:44:27,248     DEBUG      client.py      Приветственное сообщения от сервера: {'response': 200}, разбор.
2021-10-19 21:44:27,750     DEBUG      server.py      Разбор сообщения от клиента: '{'action': 'presence', 'time': 1634669067.2484536, 'user': {'account_name': 'test3'}}'
2021-10-19 21:44:27,750     DEBUG      client.py      Приветственное сообщения от сервера: {'response': 200}, разбор.
2021-10-19 22:20:30,622     DEBUG      client.py      Сформировано 'presence' сообщение для пользователя 'test1'
2021-10-19 22:20:30,628     DEBUG      client.py      Сформировано 'presence' сообщение для пользователя 'test2'
2021-10-19 22:20:30,628     DEBUG      server.py      Разбор сообщения от клиента: '{'action': 'presence', 'time': 1634671230.6227171, 'user': {'account_name': 'test1'}}'
2021-10-19 22:20:30,628     DEBUG      client.py      Приветственное сообщения от сервера: {'response': 200}, разбор.
2021-10-19 22:20:30,636     DEBUG      client.py      Сформировано 'presence' сообщение для пользователя 'test3'
2021-10-19 22:20:30,636     DEBUG      server.py      Разбор сообщения от клиента: '{'action': 'presence', 'time': 1634671230.628718, 'user': {'account_name': 'test2'}}'
2021-10-19 22:20:30,637     DEBUG      client.py      Приветственное сообщения от сервера: {'response': 200}, разбор.
2021-10-19 22:20:31,150     DEBUG      server.py      Разбор сообщения от клиента: '{'action': 'presence', 'time': 1634671230.6367202, 'user': {'account_name': 'test3'}}'
2021-10-19 22:20:31,150     DEBUG      client.py      Приветственное сообщения от сервера: {'response': 200}, разбор.
2021-10-19 22:20:49,007     DEBUG      client.py      Сформирован словарь сообщения: {'action': 'm-', 'from': 'test3', 'to': 'test2', 'time': 1634671249.0075927, 'mess_text': 'sdfsdfsd ds'}.
2021-10-19 22:20:49,276     DEBUG      server.py      Разбор сообщения от клиента: '{'action': 'm-', 'from': 'test3', 'to': 'test2', 'time': 1634671249.0075927, 'mess_text': 'sdfsdfsd ds'}'
2021-10-21 12:31:01,169     DEBUG      client_new.py  Сформировано 'presence' сообщение для пользователя 'ghgjhj'
2021-10-21 12:31:01,669     DEBUG      server.py      Разбор сообщения от клиента: '{'action': 'presence', 'time': 1634808661.1695476, 'user': {'account_name': 'ghgjhj'}}'
2021-10-21 12:31:01,669     DEBUG      client_new.py  Приветственное сообщения от сервера: {'response': 200}, разбор.
2021-10-21 13:47:35,487     DEBUG      client_new.py  Сформировано 'presence' сообщение для пользователя 'test01'
2021-10-21 13:47:35,487     DEBUG      server.py      Разбор сообщения от клиента: '{'action': 'presence', 'time': 1634813255.4877162, 'user': {'account_name': 'test01'}}'
2021-10-21 13:47:35,487     DEBUG      client_new.py  Приветственное сообщения от сервера: {'response': 200}, разбор.
2021-10-21 13:47:59,630     DEBUG      client_new.py  Сформирован словарь сообщения: {'action': 'm-', 'from': 'test01', 'to': 'test01', 'time': 1634813279.6300693, 'mess_text': 'ghjdshdf sdsf'}.
2021-10-21 13:47:59,676     DEBUG      server.py      Разбор сообщения от клиента: '{'action': 'm-', 'from': 'test01', 'to': 'test01', 'time': 1634813279.6300693, 'mess_text': 'ghjdshdf sdsf'}'
2021-10-21 13:48:28,381     DEBUG      server.py      Разбор сообщения от клиента: '{'action': 'exit', 'time': 1634813308.3502395, 'account_name': 'test01'}'
2021-10-21 13:50:09,966     DEBUG      client.py      Сформировано 'presence' сообщение для пользователя 'fgdhf'
2021-10-21 13:50:10,466     DEBUG      server.py      Разбор сообщения от клиента: '{'action': 'presence', 'time': 1634813409.9668093, 'user': {'account_name': 'fgdhf'}}'
2021-10-21 13:50:10,466     DEBUG      client.py      Приветственное сообщения от сервера: {'response': 200}, разбор.
2021-10-21 13:51:34,894     DEBUG      client.py      Сформирован словарь сообщения: {'action': 'm-', 'from': 'fgdhf', 'to': 'fgdhf', 'time': 1634813494.8944235, 'mess_text': 'agsdhaf afsg'}.
2021-10-21 13:51:35,066     DEBUG      server.py      Разбор сообщения от клиента: '{'action': 'm-', 'from': 'fgdhf', 'to': 'fgdhf', 'time': 1634813494.8944235, 'mess_text': 'agsdhaf afsg'}'
2021-10-21 13:52:57,915     DEBUG      client_new.py  Сформировано 'presence' сообщение для пользователя '000'
2021-10-21 13:52:58,431     DEBUG      server.py      Разбор сообщения от клиента: '{'action': 'presence', 'time': 1634813577.9158378, 'user': {'account_name': '000'}}'
2021-10-21 13:52:58,431     DEBUG      client_new.py  Приветственное сообщения от сервера: {'response': 200}, разбор.
2021-10-21 13:53:14,526     DEBUG      client_new.py  Сформирован словарь сообщения: {'action': 'm-', 'from': '000', 'to': 'fgdhf', 'time': 1634813594.5263386, 'mess_text': 'hfgsj ghj'}.
2021-10-21 13:53:14,541     DEBUG      server.py      Разбор сообщения от клиента: '{'action': 'm-', 'from': '000', 'to': 'fgdhf', 'time': 1634813594.5263386, 'mess_text': 'hfgsj ghj'}'
2021-10-21 13:53:37,886     DEBUG      client.py      Сформирован словарь сообщения: {'action': 'm-', 'from': 'fgdhf', 'to': '000', 'time': 1634813617.8868914, 'mess_text': 'ghjghj'}.
2021-10-21 13:53:38,215     DEBUG      server.py      Разбор сообщения от клиента: '{'action': 'm-', 'from': 'fgdhf', 'to': '000', 'time': 1634813617.8868914, 'mess_text': 'ghjghj'}'
2021-10-21 13:53:52,810     DEBUG      server.py      Разбор сообщения от клиента: '{'action': 'exit', 'time': 1634813632.513223, 'account_name': '000'}'
2021-10-21 13:54:01,373     DEBUG      server.py      Разбор сообщения от клиента: '{'action': 'exit', 'time': 1634813641.2634547, 'account_name': 'fgdhf'}'
2021-10-21 15:45:59,256     DEBUG      client.py      Сформировано 'presence' сообщение для пользователя 'test1'
2021-10-21 15:45:59,256     DEBUG      client.py      Сформировано 'presence' сообщение для пользователя 'test2'
2021-10-21 15:45:59,256     DEBUG      server.py      Разбор сообщения от клиента: '{'action': 'presence', 'time': 1634820359.2567754, 'user': {'account_name': 'test1'}}'
2021-10-21 15:45:59,256     DEBUG      client.py      Приветственное сообщения от сервера: {'response': 200}, разбор.
2021-10-21 15:45:59,756     DEBUG      server.py      Разбор сообщения от клиента: '{'action': 'presence', 'time': 1634820359.2567754, 'user': {'account_name': 'test2'}}'
2021-10-21 15:45:59,756     DEBUG      client.py      Приветственное сообщения от сервера: {'response': 200}, разбор.
2021-10-21 15:46:16,539     DEBUG      client.py      Сформирован словарь сообщения: {'action': 'm-', 'from': 'test2', 'to': 'test2', 'time': 1634820376.539205, 'mess_text': 'hasjdhag gajshdj'}.
2021-10-21 15:46:16,789     DEBUG      server.py      Разбор сообщения от клиента: '{'action': 'm-', 'from': 'test2', 'to': 'test2', 'time': 1634820376.539205, 'mess_text': 'hasjdhag gajshdj'}'
2021-10-21 15:46:43,744     DEBUG      client.py      Сформирован словарь сообщения: {'action': 'm-', 'from': 'test2', 'to': 'test1', 'time': 1634820403.7443042, 'mess_text': 'szlkdlskdlkf kl'}.
2021-10-21 15:46:43,822     DEBUG      server.py      Разбор сообщения от клиента: '{'action': 'm-', 'from': 'test2', 'to': 'test1', 'time': 1634820403.7443042, 'mess_text': 'szlkdlskdlkf kl'}'
2021-10-21 15:47:00,495     DEBUG      client.py      Сформировано 'presence' сообщение для пользователя 'test1'
2021-10-21 15:47:00,511     DEBUG      client.py      Сформировано 'presence' сообщение для пользователя 'test2'
2021-10-21 15:47:00,511     DEBUG      server.py      Разбор сообщения от клиента: '{'action': 'presence', 'time': 1634820420.4955027, 'user': {'account_name': 'test1'}}'
2021-10-21 15:47:00,511     DEBUG      client.py      Приветственное сообщения от сервера: {'response': 200}, разбор.
2021-10-21 15:47:01,011     DEBUG      server.py      Разбор сообщения от клиента: '{'action': 'presence', 'time': 1634820420.511129, 'user': {'account_name': 'test2'}}'
2021-10-21 15:47:01,011     DEBUG      client.py      Приветственное сообщения от сервера: {'response': 200}, разбор.
2021-10-25 08:52:35,771     DEBUG      client.py      Сформировано 'presence' сообщение для пользователя 'test1'
2021-10-25 08:52:36,271     DEBUG      server.py      Разбор сообщения от клиента: '{'action': 'presence', 'time': 1635141155.7712104, 'user': {'account_name': 'test1'}}'
2021-10-25 08:52:36,271     DEBUG      client.py      Приветственное сообщения от сервера: {'response': 200}, разбор.
2021-10-25 08:53:18,993     DEBUG      client.py      Сформирован словарь сообщения: {'action': 'm-', 'from': 'test1', 'to': 'test1', 'time': 1635141198.9938838, 'mess_text': 'sdhfgsjd'}.
2021-10-25 08:53:19,087     DEBUG      server.py      Разбор сообщения от клиента: '{'action': 'm-', 'from': 'test1', 'to': 'test1', 'time': 1635141198.9938838, 'mess_text': 'sdhfgsjd'}'
2021-10-25 09:02:23,515     DEBUG      client.py      Сформировано 'presence' сообщение для пользователя 'test0'
2021-10-25 09:02:24,015     DEBUG      server.py      Разбор сообщения от клиента: '{'action': 'presence', 'time': 1635141743.5155842, 'user': {'account_name': 'test0'}}'
2021-10-25 09:02:24,015     DEBUG      client.py      Приветственное сообщения от сервера: {'response': 200}, разбор.
2021-10-25 09:06:08,880     DEBUG      server.py      Разбор сообщения от клиента: '{'action': 'exit', 'time': 1635141968.5362248, 'account_name': 'test0'}'
2021-10-25 09:06:23,287     DEBUG      client.py      Сформировано 'presence' сообщение для пользователя 'test00'
2021-10-25 09:06:23,787     DEBUG      server.py      Разбор сообщения от клиента: '{'action': 'presence', 'time': 1635141983.2875557, 'user': {'account_name': 'test00'}}'
2021-10-25 09:06:23,787     DEBUG      client.py      Приветственное сообщения от сервера: {'response': 200}, разбор.
2021-10-25 09:07:04,557     DEBUG      server.py      Разбор сообщения от клиента: '{'action': 'exit', 'time': 1635142024.3699753, 'account_name': 'test00'}'
2021-10-25 09:07:18,136     DEBUG      client.py      Сформировано 'presence' сообщение для пользователя 'test000'
2021-10-25 09:07:18,636     DEBUG      server.py      Разбор сообщения от клиента: '{'action': 'presence', 'time': 1635142038.1368325, 'user': {'account_name': 'test000'}}'
2021-10-25 09:07:18,636     DEBUG      client.py      Приветственное сообщения от сервера: {'response': 200}, разбор.
2021-10-25 09:10:23,402     DEBUG      client.py      Сформировано 'presence' сообщение для пользователя 'test0000'
2021-10-25 09:10:23,402     DEBUG      server.py      Разбор сообщения от клиента: '{'action': 'presence', 'time': 1635142223.4029605, 'user': {'account_name': 'test0000'}}'
2021-10-25 09:10:23,402     DEBUG      client.py      Приветственное сообщения от сервера: {'response': 200}, разбор.
2021-10-25 09:11:28,153     DEBUG      client.py      Сформировано 'presence' сообщение для пользователя 'test2'
2021-10-25 09:11:28,153     DEBUG      client.py      Сформировано 'presence' сообщение для пользователя 'test3'
2021-10-25 09:11:28,153     DEBUG      server.py      Разбор сообщения от клиента: '{'action': 'presence', 'time': 1635142288.153508, 'user': {'account_name': 'test2'}}'
2021-10-25 09:11:28,153     DEBUG      client.py      Приветственное сообщения от сервера: {'response': 200}, разбор.
2021-10-25 09:11:28,653     DEBUG      client.py      Сформировано 'presence' сообщение для пользователя 'test1'
2021-10-25 09:11:28,653     DEBUG      server.py      Разбор сообщения от клиента: '{'action': 'presence', 'time': 1635142288.153508, 'user': {'account_name': 'test3'}}'
2021-10-25 09:11:28,653     DEBUG      client.py      Приветственное сообщения от сервера: {'response': 200}, разбор.
2021-10-25 09:11:28,653     DEBUG      server.py      Разбор сообщения от клиента: '{'action': 'presence', 'time': 1635142288.6535609, 'user': {'account_name': 'test1'}}'
2021-10-25 09:11:28,653     DEBUG      client.py      Приветственное сообщения от сервера: {'response': 200}, разбор.
2021-10-26 09:48:48,697     DEBUG      client.py      Сформировано 'presence' сообщение для пользователя 'test'
2021-10-26 09:48:49,197     DEBUG      server.py      Разбор сообщения от клиента: '{'action': 'presence', 'time': 1635230928.6974332, 'user': {'account_name': 'test'}}'
2021-10-26 09:48:49,197     DEBUG      client.py      Приветственное сообщения от сервера: {'response': 200}, разбор.
2021-10-26 09:49:06,589     DEBUG      client.py      Сформирован словарь сообщения: {'action': 'm-', 'from': 'test', 'to': 'test', 'time': 1635230946.5893223, 'mess_text': 'jsdfdfh'}.
2021-10-26 09:49:06,823     DEBUG      server.py      Разбор сообщения от клиента: '{'action': 'm-', 'from': 'test', 'to': 'test', 'time': 1635230946.5893223, 'mess_text': 'jsdfdfh'}'
2021-10-26 10:08:41,023     DEBUG      client.py      Сформировано 'presence' сообщение для пользователя 'test'
2021-10-26 10:08:41,023     DEBUG      server.py      Разбор сообщения от клиента: '{'action': 'presence', 'time': 1635232121.0230527, 'user': {'account_name': 'test'}}'
2021-10-26 10:08:41,023     DEBUG      client.py      Приветственное сообщения от сервера: {'response': 200}, разбор.
2021-10-26 10:09:07,455     DEBUG      client.py      Сформирован словарь сообщения: {'action': 'm-', 'from': 'test', 'to': 'test', 'time': 1635232147.4554796, 'mess_text': 'dgfh ghdgf'}.
2021-10-26 10:09:07,533     DEBUG      server.py      Разбор сообщения от клиента: '{'action': 'm-', 'from': 'test', 'to': 'test', 'time': 1635232147.4554796, 'mess_text': 'dgfh ghdgf'}'
2021-10-26 10:11:22,410     DEBUG      client.py      Сформировано 'presence' сообщение для пользователя 'test'
2021-10-26 10:11:22,910     DEBUG      server.py      Разбор сообщения от клиента: '{'action': 'presence', 'time': 1635232282.4107044, 'user': {'account_name': 'test'}}'
2021-10-26 10:11:22,910     DEBUG      client.py      Приветственное сообщения от сервера: {'response': 200}, разбор.
2021-10-26 10:11:39,286     DEBUG      client.py      Сформирован словарь сообщения: {'action': 'm-', 'from': 'test', 'to': 'test', 'time': 1635232299.2865126, 'mess_text': 'kdasjkdfjlsf'}.
2021-10-26 10:11:39,520     DEBUG      server.py      Разбор сообщения от клиента: '{'action': 'm-', 'from': 'test', 'to': 'test', 'time': 1635232299.2865126, 'mess_text': 'kdasjkdfjlsf'}'
2021-10-26 16:32:34,339     DEBUG      client.py      Сформировано 'presence' сообщение для пользователя 'test'
2021-10-26 16:32:34,339     DEBUG      server.py      Разбор сообщения от клиента: '{'action': 'presence', 'time': 1635255154.3398564, 'user': {'account_name': 'test'}}'
2021-10-26 16:32:34,355     DEBUG      client.py      Приветственное сообщения от сервера: {'response': 200}, разбор.
2021-10-26 16:33:05,313     DEBUG      client.py      Сформирован словарь сообщения: {'action': 'm-', 'from': 'test', 'to': 'test', 'time': 1635255185.3131206, 'mess_text': 'fgdhfgdh'}.
2021-10-26 16:33:05,563     DEBUG      server.py      Разбор сообщения от клиента: '{'action': 'm-', 'from': 'test', 'to': 'test', 'time': 1635255185.3131206, 'mess_text': 'fgdhfgdh'}'
2021-10-27 08:19:41,482     DEBUG      client.py      Сформировано 'presence' сообщение для пользователя 'test'
2021-10-27 08:19:41,982     DEBUG      server.py      Разбор сообщения от клиента: '{'action': 'presence', 'time': 1635311981.4820561, 'user': {'account_name': 'test'}}'
2021-10-27 08:21:37,679     DEBUG      client.py      Сформировано 'presence' сообщение для пользователя 'test'
2021-10-27 08:21:38,179     DEBUG      server.py      Разбор сообщения от клиента: '{'action': 'presence', 'time': 1635312097.679389, 'user': {'account_name': 'test'}}'
2021-10-27 08:21:38,179     DEBUG      client.py      Приветственное сообщения от сервера: {'response': 400, 'error': 'Это имя уже используется.'}, разбор.
2021-10-27 08:23:40,424     DEBUG      client.py      Сформировано 'presence' сообщение для пользователя 'test'
2021-10-27 08:23:40,924     DEBUG      server.py      Разбор сообщения от клиента: '{'action': 'presence', 'time': 1635312220.4240844, 'user': {'account_name': 'test'}}'
2021-10-27 08:23:40,924     DEBUG      client.py      Приветственное сообщения от сервера: {'response': 400, 'error': 'Это имя уже используется.'}, разбор.
2021-10-27 08:56:26,584     DEBUG      client.py      Сформировано 'presence' сообщение для пользователя 'test'
2021-10-27 08:56:26,599     DEBUG      server.py      Разбор сообщения от клиента: '{'action': 'presence', 'time': 1635314186.5841327, 'user': {'account_name': 'test'}}'
2021-10-27 08:56:26,599     DEBUG      client.py      Приветственное сообщения от сервера: {'response': 200}, разбор.
2021-10-27 08:56:35,162     DEBUG      server.py      Разбор сообщения от клиента: '{'action': 'exit', 'time': 1635314194.834695, 'account_name': 'test'}'
2021-10-27 08:56:45,272     DEBUG      client.py      Сформировано 'presence' сообщение для пользователя 'test'
2021-10-27 08:56:45,773     DEBUG      server.py      Разбор сообщения от клиента: '{'action': 'presence', 'time': 1635314205.2726617, 'user': {'account_name': 'test'}}'
2021-10-27 08:56:45,773     DEBUG      client.py      Приветственное сообщения от сервера: {'response': 200}, разбор.
2021-10-27 09:10:04,665     DEBUG      client.py      Сформировано 'presence' сообщение для пользователя 'test'
2021-10-27 09:10:05,165     DEBUG      server.py      Разбор сообщения от клиента: '{'action': 'presence', 'time': 1635315004.665778, 'user': {'account_name': 'test'}}'
2021-10-27 09:10:05,165     DEBUG      client.py      Приветственное сообщения от сервера: {'response': 200}, разбор.
2021-10-27 09:16:28,132     DEBUG      server.py      Разбор сообщения от клиента: '{'action': 'exit', 'time': 1635315387.8829184, 'account_name': 'test'}'
2021-10-27 09:16:36,476     DEBUG      client.py      Сформировано 'presence' сообщение для пользователя 'test'
2021-10-27 09:16:36,977     DEBUG      server.py      Разбор сообщения от клиента: '{'action': 'presence', 'time': 1635315396.4767523, 'user': {'account_name': 'test'}}'
2021-10-27 09:16:36,977     DEBUG      client.py      Приветственное сообщения от сервера: {'response': 200}, разбор.
2021-10-27 09:18:10,570     DEBUG      server.py      Разбор сообщения от клиента: '{'action': 'exit', 'time': 1635315490.1330223, 'account_name': 'test'}'
2021-10-27 09:18:18,977     DEBUG      client.py      Сформировано 'presence' сообщение для пользователя 'test'
2021-10-27 09:18:19,477     DEBUG      server.py      Разбор сообщения от клиента: '{'action': 'presence', 'time': 1635315498.9777782, 'user': {'account_name': 'test'}}'
2021-10-27 09:18:19,477     DEBUG      client.py      Приветственное сообщения от сервера: {'response': 200}, разбор.
2021-10-27 09:19:07,751     DEBUG      server.py      Разбор сообщения от клиента: '{'action': 'exit', 'time': 1635315547.3757033, 'account_name': 'test'}'
2021-10-27 09:26:58,460     DEBUG      client.py      Сформировано 'presence' сообщение для пользователя 'test'
2021-10-27 09:26:58,960     DEBUG      server.py      Разбор сообщения от клиента: '{'action': 'presence', 'time': 1635316018.4604888, 'user': {'account_name': 'test'}}'
2021-10-27 09:26:58,960     DEBUG      client.py      Приветственное сообщения от сервера: {'response': 200}, разбор.
2021-10-27 20:54:35,230     DEBUG      client.py      Сформировано 'presence' сообщение для пользователя 'test'
2021-10-27 20:54:35,730     DEBUG      server.py      Разбор сообщения от клиента: '{'action': 'presence', 'time': 1635357275.2305942, 'user': {'account_name': 'test'}}'
2021-10-27 20:54:35,746     DEBUG      client.py      Приветственное сообщения от сервера: {'response': 200}, разбор.
2021-10-27 20:54:54,153     DEBUG      client.py      Сформирован словарь сообщения: {'action': 'm-', 'from': 'test', 'to': 'test', 'time': 1635357294.1537132, 'mess_text': 'ghbdtn'}.
2021-10-27 20:54:54,372     DEBUG      server.py      Разбор сообщения от клиента: '{'action': 'm-', 'from': 'test', 'to': 'test', 'time': 1635357294.1537132, 'mess_text': 'ghbdtn'}'
2021-10-27 20:56:17,034     DEBUG      client.py      Сформировано 'presence' сообщение для пользователя 'test'
2021-10-27 20:56:17,534     DEBUG      server.py      Разбор сообщения от клиента: '{'action': 'presence', 'time': 1635357377.034525, 'user': {'account_name': 'test'}}'
2021-10-27 20:56:17,534     DEBUG      client.py      Приветственное сообщения от сервера: {'response': 400, 'error': 'Это имя уже используется.'}, разбор.
2021-10-27 20:56:41,286     DEBUG      client.py      Сформировано 'presence' сообщение для пользователя 'test'
2021-10-27 20:56:41,786     DEBUG      server.py      Разбор сообщения от клиента: '{'action': 'presence', 'time': 1635357401.2861202, 'user': {'account_name': 'test'}}'
2021-10-27 20:56:41,786     DEBUG      client.py      Приветственное сообщения от сервера: {'response': 400, 'error': 'Это имя уже используется.'}, разбор.
2021-10-27 20:58:50,466     DEBUG      client.py      Сформировано 'presence' сообщение для пользователя 'test'
2021-10-27 20:58:50,466     DEBUG      server.py      Разбор сообщения от клиента: '{'action': 'presence', 'time': 1635357530.4662645, 'user': {'account_name': 'test'}}'
2021-10-27 20:58:50,481     DEBUG      client.py      Приветственное сообщения от сервера: {'response': 200}, разбор.
2021-10-27 20:59:12,124     DEBUG      client.py      Сформировано 'presence' сообщение для пользователя 'test'
2021-10-27 20:59:12,124     DEBUG      server.py      Разбор сообщения от клиента: '{'action': 'presence', 'time': 1635357552.124316, 'user': {'account_name': 'test'}}'
2021-10-27 20:59:12,124     DEBUG      client.py      Приветственное сообщения от сервера: {'response': 400, 'error': 'Это имя уже используется.'}, разбор.
2021-10-27 21:01:53,806     DEBUG      client.py      Сформировано 'presence' сообщение для пользователя 'test'
2021-10-27 21:01:54,306     DEBUG      server.py      Разбор сообщения от клиента: '{'action': 'presence', 'time': 1635357713.8065252, 'user': {'account_name': 'test'}}'
2021-10-27 21:01:54,306     DEBUG      client.py      Приветственное сообщения от сервера: {'response': 400, 'error': 'Это имя уже используется.'}, разбор.
2021-10-27 21:03:49,399     DEBUG      client.py      Сформировано 'presence' сообщение для пользователя 'test'
2021-10-27 21:03:49,399     DEBUG      server.py      Разбор сообщения от клиента: '{'action': 'presence', 'time': 1635357829.3996308, 'user': {'account_name': 'test'}}'
2021-10-27 21:06:13,012     DEBUG      client.py      Сформировано 'presence' сообщение для пользователя 'test'
2021-10-27 21:06:13,512     DEBUG      server.py      Разбор сообщения от клиента: '{'action': 'presence', 'time': 1635357973.0126753, 'user': {'account_name': 'test'}}'
2021-10-27 21:06:13,512     DEBUG      client.py      Приветственное сообщения от сервера: {'response': 200}, разбор.
2021-10-27 21:08:04,786     DEBUG      client.py      Сформирован словарь сообщения: {'action': 'm-', 'from': 'test', 'to': 'test', 'time': 1635358084.7860205, 'mess_text': 'dfggd'}.
2021-10-27 21:08:05,286     DEBUG      server.py      Разбор сообщения от клиента: '{'action': 'm-', 'from': 'test', 'to': 'test', 'time': 1635358084.7860205, 'mess_text': 'dfggd'}'
2021-10-27 21:09:03,946     DEBUG      client.py      Сформирован словарь сообщения: {'action': 'm-', 'from': 'test', 'to': 'test', 'time': 1635358143.9465096, 'mess_text': 'dfgh'}.
2021-10-27 21:09:04,227     DEBUG      server.py      Разбор сообщения от клиента: '{'action': 'm-', 'from': 'test', 'to': 'test', 'time': 1635358143.9465096, 'mess_text': 'dfgh'}'
2021-10-27 21:09:26,385     DEBUG      server.py      Разбор сообщения от клиента: '{'action': 'exit', 'time': 1635358166.010546, 'account_name': 'test'}'
2021-10-27 21:23:11,622     DEBUG      client.py      Сформировано 'presence' сообщение для пользователя 'test'
2021-10-27 21:23:11,622     DEBUG      server.py      Разбор сообщения от клиента: '{'action': 'presence', 'time': 1635358991.622632, 'user': {'account_name': 'test'}}'
2021-10-27 21:23:11,637     DEBUG      client.py      Приветственное сообщения от сервера: {'response': 200}, разбор.
2021-10-27 21:25:31,709     DEBUG      client.py      Сформировано 'presence' сообщение для пользователя 'Client_1'
2021-10-27 21:25:32,210     DEBUG      server.py      Разбор сообщения от клиента: '{'action': 'presence', 'time': 1635359131.709631, 'user': {'account_name': 'Client_1'}}'
2021-10-27 21:25:32,210     DEBUG      client.py      Приветственное сообщения от сервера: {'response': 200}, разбор.
2021-10-27 21:32:10,447     DEBUG      client.py      Сформировано 'presence' сообщение для пользователя 'test'
2021-10-27 21:32:10,463     DEBUG      server_02_2510.py Разбор сообщения от клиента: '{'action': 'presence', 'time': 1635359530.447875, 'user': {'account_name': 'test'}}'
2021-10-27 21:32:10,463     DEBUG      client.py      Приветственное сообщения от сервера: {'response': 200}, разбор.
2021-10-27 21:32:27,589     DEBUG      client.py      Сформирован словарь сообщения: {'action': 'm-', 'from': 'test', 'to': 'test', 'time': 1635359547.5897331, 'mess_text': 'hjhgdfj'}.
2021-10-27 21:32:28,074     DEBUG      server_02_2510.py Разбор сообщения от клиента: '{'action': 'm-', 'from': 'test', 'to': 'test', 'time': 1635359547.5897331, 'mess_text': 'hjhgdfj'}'
2021-10-27 21:32:52,825     DEBUG      client.py      Сформировано 'presence' сообщение для пользователя 'test'
2021-10-27 21:32:53,325     DEBUG      server_02_2510.py Разбор сообщения от клиента: '{'action': 'presence', 'time': 1635359572.8257751, 'user': {'account_name': 'test'}}'
2021-10-27 21:32:53,325     DEBUG      client.py      Приветственное сообщения от сервера: {'response': 400, 'error': 'Это имя уже используется.'}, разбор.
2021-10-27 21:36:21,747     DEBUG      client.py      Сформировано 'presence' сообщение для пользователя 'test'
2021-10-27 21:36:21,747     DEBUG      server_02_2510.py Разбор сообщения от клиента: '{'action': 'presence', 'time': 1635359781.7472353, 'user': {'account_name': 'test'}}'
2021-10-27 21:36:21,747     DEBUG      client.py      Приветственное сообщения от сервера: {'response': 200}, разбор.
2021-10-27 21:36:38,795     DEBUG      client.py      Сформирован словарь сообщения: {'action': 'm-', 'from': 'test', 'to': 'test', 'time': 1635359798.7955544, 'mess_text': 'hdjfh'}.
2021-10-27 21:36:38,873     DEBUG      server_02_2510.py Разбор сообщения от клиента: '{'action': 'm-', 'from': 'test', 'to': 'test', 'time': 1635359798.7955544, 'mess_text': 'hdjfh'}'
2021-10-27 21:37:15,032     DEBUG      client.py      Сформировано 'presence' сообщение для пользователя 'test'
2021-10-27 21:37:15,532     DEBUG      server_02_2510.py Разбор сообщения от клиента: '{'action': 'presence', 'time': 1635359835.0325284, 'user': {'account_name': 'test'}}'
2021-10-27 21:37:15,532     DEBUG      client.py      Приветственное сообщения от сервера: {'response': 400, 'error': 'Это имя уже используется.'}, разбор.
2021-10-27 21:38:06,926     DEBUG      client.py      Сформировано 'presence' сообщение для пользователя 'test'
2021-10-27 21:38:07,426     DEBUG      server_02_2510.py Разбор сообщения от клиента: '{'action': 'presence', 'time': 1635359886.9265614, 'user': {'account_name': 'test'}}'
2021-10-27 21:38:07,426     DEBUG      client.py      Приветственное сообщения от сервера: {'response': 400, 'error': 'Это имя уже используется.'}, разбор.
2021-10-27 21:41:15,965     DEBUG      client.py      Сформировано 'presence' сообщение для пользователя 'test'
2021-10-27 21:41:16,465     DEBUG      server_02_2710.py Разбор сообщения от клиента: '{'action': 'presence', 'time': 1635360075.9650974, 'user': {'account_name': 'test'}}'
2021-10-27 21:41:16,465     DEBUG      client.py      Приветственное сообщения от сервера: {'response': 200}, разбор.
2021-10-27 21:41:28,622     DEBUG      client.py      Сформирован словарь сообщения: {'action': 'm-', 'from': 'test', 'to': 'test', 'time': 1635360088.622144, 'mess_text': 'fsd'}.
2021-10-27 21:41:29,059     DEBUG      server_02_2710.py Разбор сообщения от клиента: '{'action': 'm-', 'from': 'test', 'to': 'test', 'time': 1635360088.622144, 'mess_text': 'fsd'}'
2021-10-27 21:48:49,700     DEBUG      client.py      Сформировано 'presence' сообщение для пользователя 'test'
2021-10-27 21:48:50,200     DEBUG      server_02_2710.py Разбор сообщения от клиента: '{'action': 'presence', 'time': 1635360529.7005098, 'user': {'account_name': 'test'}}'
2021-10-27 21:48:50,200     DEBUG      client.py      Приветственное сообщения от сервера: {'response': 200}, разбор.
2021-10-27 21:49:54,867     DEBUG      client.py      Сформировано 'presence' сообщение для пользователя 'test'
2021-10-27 21:49:54,867     DEBUG      server_02_2710.py Разбор сообщения от клиента: '{'action': 'presence', 'time': 1635360594.86777, 'user': {'account_name': 'test'}}'
2021-10-27 21:49:54,867     DEBUG      client.py      Приветственное сообщения от сервера: {'response': 200}, разбор.
2021-10-27 21:50:06,056     DEBUG      client.py      Сформирован словарь сообщения: {'action': 'm-', 'from': 'test', 'to': 'test', 'time': 1635360606.0563872, 'mess_text': 'dfg'}.
2021-10-27 21:50:06,415     DEBUG      server_02_2710.py Разбор сообщения от клиента: '{'action': 'm-', 'from': 'test', 'to': 'test', 'time': 1635360606.0563872, 'mess_text': 'dfg'}'
2021-10-27 21:52:21,627     DEBUG      client.py      Сформировано 'presence' сообщение для пользователя 'test'
2021-10-27 21:52:22,128     DEBUG      server_02_2710.py Разбор сообщения от клиента: '{'action': 'presence', 'time': 1635360741.6276457, 'user': {'account_name': 'test'}}'
2021-10-27 21:52:22,128     DEBUG      client.py      Приветственное сообщения от сервера: {'response': 400, 'error': 'Это имя уже используется.'}, разбор.
2021-10-27 21:53:10,317     DEBUG      client.py      Сформировано 'presence' сообщение для пользователя 'test'
2021-10-27 21:53:10,818     DEBUG      server_02_2710.py Разбор сообщения от клиента: '{'action': 'presence', 'time': 1635360790.317871, 'user': {'account_name': 'test'}}'
2021-10-27 21:53:10,818     DEBUG      client.py      Приветственное сообщения от сервера: {'response': 200}, разбор.
2021-10-27 21:54:53,418     DEBUG      client.py      Сформировано 'presence' сообщение для пользователя 'test'
2021-10-27 21:54:53,918     DEBUG      server_02_2710.py Разбор сообщения от клиента: '{'action': 'presence', 'time': 1635360893.4185436, 'user': {'account_name': 'test'}}'
2021-10-27 21:54:53,918     DEBUG      client.py      Приветственное сообщения от сервера: {'response': 400, 'error': 'Это имя уже используется.'}, разбор.
2021-10-27 21:55:44,750     DEBUG      client.py      Сформировано 'presence' сообщение для пользователя 'test2'
2021-10-27 21:55:45,250     DEBUG      server_02_2710.py Разбор сообщения от клиента: '{'action': 'presence', 'time': 1635360944.7503898, 'user': {'account_name': 'test2'}}'
2021-10-27 21:55:45,250     DEBUG      client.py      Приветственное сообщения от сервера: {'response': 200}, разбор.
2021-10-27 22:59:44,278     DEBUG      client.py      Сформировано 'presence' сообщение для пользователя 'test'
2021-10-27 22:59:44,778     DEBUG      server.py      Разбор сообщения от клиента: '{'action': 'presence', 'time': 1635364784.278555, 'user': {'account_name': 'test'}}'
2021-10-27 22:59:44,778     DEBUG      client.py      Приветственное сообщения от сервера: {'response': 200}, разбор.
2021-10-27 22:59:58,904     DEBUG      client.py      Сформирован словарь сообщения: {'action': 'm-', 'from': 'test', 'to': 'test', 'time': 1635364798.9046702, 'mess_text': 'fghsjdgsgdhfsjdgf'}.
2021-10-27 22:59:59,389     DEBUG      server.py      Разбор сообщения от клиента: '{'action': 'm-', 'from': 'test', 'to': 'test', 'time': 1635364798.9046702, 'mess_text': 'fghsjdgsgdhfsjdgf'}'
2021-10-27 23:01:11,581     DEBUG      client.py      Сформировано 'presence' сообщение для пользователя 'test'
2021-10-27 23:01:11,581     DEBUG      server.py      Разбор сообщения от клиента: '{'action': 'presence', 'time': 1635364871.5813818, 'user': {'account_name': 'test'}}'
2021-10-27 23:01:11,581     DEBUG      client.py      Приветственное сообщения от сервера: {'response': 400, 'error': 'Это имя уже используется*.'}, разбор.
2021-10-27 23:05:32,869     DEBUG      client.py      Сформировано 'presence' сообщение для пользователя 'test'
2021-10-27 23:05:32,869     DEBUG      server.py      Разбор сообщения от клиента: '{'action': 'presence', 'time': 1635365132.8696494, 'user': {'account_name': 'test'}}'
2021-10-27 23:05:32,885     DEBUG      client.py      Приветственное сообщения от сервера: {'response': 200}, разбор.
2021-10-27 23:05:54,136     DEBUG      client.py      Сформирован словарь сообщения: {'action': 'm-', 'from': 'test', 'to': 'test', 'time': 1635365154.1366863, 'mess_text': 'hjdkfshjdfhshdfhskdjfjsdk'}.
2021-10-27 23:05:54,402     DEBUG      server.py      Разбор сообщения от клиента: '{'action': 'm-', 'from': 'test', 'to': 'test', 'time': 1635365154.1366863, 'mess_text': 'hjdkfshjdfhshdfhskdjfjsdk'}'
2021-10-27 23:06:23,044     DEBUG      client.py      Сформировано 'presence' сообщение для пользователя 'test'
2021-10-27 23:06:23,545     DEBUG      server.py      Разбор сообщения от клиента: '{'action': 'presence', 'time': 1635365183.0448675, 'user': {'account_name': 'test'}}'
2021-10-27 23:06:23,545     DEBUG      client.py      Приветственное сообщения от сервера: {'response': 400, 'error': 'Это имя уже используется*.'}, разбор.
2021-10-28 09:19:56,894     DEBUG      client.py      Сформировано 'presence' сообщение для пользователя 'test'
2021-10-28 09:19:57,394     DEBUG      server.py      Разбор сообщения от клиента: '{'action': 'presence', 'time': 1635401996.8944821, 'user': {'account_name': 'test'}}'
2021-10-28 09:19:57,394     DEBUG      client.py      Приветственное сообщения от сервера: {'response': 200}, разбор.
2021-10-28 09:20:10,024     DEBUG      client.py      Сформирован словарь сообщения: {'action': 'm-', 'from': 'test', 'to': 'test', 'time': 1635402010.024125, 'mess_text': 'sdfsdfsdfsdfs'}.
2021-10-28 09:20:10,476     DEBUG      server.py      Разбор сообщения от клиента: '{'action': 'm-', 'from': 'test', 'to': 'test', 'time': 1635402010.024125, 'mess_text': 'sdfsdfsdfsdfs'}'
2021-10-28 09:21:57,537     DEBUG      client.py      Сформировано 'presence' сообщение для пользователя 'test'
2021-10-28 09:21:58,038     DEBUG      server.py      Разбор сообщения от клиента: '{'action': 'presence', 'time': 1635402117.5379672, 'user': {'account_name': 'test'}}'
2021-10-28 09:21:58,038     DEBUG      client.py      Приветственное сообщения от сервера: {'response': 200}, разбор.
2021-10-28 09:22:09,102     DEBUG      client.py      Сформирован словарь сообщения: {'action': 'm-', 'from': 'test', 'to': 'test', 'time': 1635402129.1020684, 'mess_text': 'dsdfsdkfjslkdfjl'}.
2021-10-28 09:22:09,133     DEBUG      server.py      Разбор сообщения от клиента: '{'action': 'm-', 'from': 'test', 'to': 'test', 'time': 1635402129.1020684, 'mess_text': 'dsdfsdkfjslkdfjl'}'
2021-10-28 10:13:12,987     DEBUG      client.py      Сформировано 'presence' сообщение для пользователя 'test'
2021-10-28 10:13:13,487     DEBUG      server.py      Разбор сообщения от клиента: '{'action': 'presence', 'time': 1635405192.9872386, 'user': {'account_name': 'test'}}'
2021-10-28 10:13:13,487     DEBUG      client.py      Приветственное сообщения от сервера: {'response': 200}, разбор.
2021-10-28 10:13:27,366     DEBUG      client.py      Сформирован словарь сообщения: {'action': 'm-', 'from': 'test', 'to': 'test', 'time': 1635405207.366431, 'mess_text': 'sdhfsjd'}.
2021-10-28 10:13:27,569     DEBUG      server.py      Разбор сообщения от клиента: '{'action': 'm-', 'from': 'test', 'to': 'test', 'time': 1635405207.366431, 'mess_text': 'sdhfsjd'}'
2021-10-28 10:45:38,349     DEBUG      client.py      Сформировано 'presence' сообщение для пользователя 'test'
2021-10-28 10:45:38,349     DEBUG      server.py      Разбор сообщения от клиента: '{'action': 'presence', 'time': 1635407138.3497493, 'user': {'account_name': 'test'}}'
2021-10-28 10:51:38,506     DEBUG      client.py      Сформировано 'presence' сообщение для пользователя 'test'
2021-10-28 10:51:38,506     DEBUG      server.py      Разбор сообщения от клиента: '{'action': 'presence', 'time': 1635407498.5066123, 'user': {'account_name': 'test'}}'
2021-10-28 10:51:38,521     DEBUG      client.py      Приветственное сообщения от сервера: {'response': 200}, разбор.
2021-10-28 10:51:58,744     DEBUG      client.py      Сформирован словарь сообщения: {'action': 'm-', 'from': 'test', 'to': 'test', 'time': 1635407518.7446291, 'mess_text': 'hjsdhfkdjfhks'}.
2021-10-28 10:51:59,150     DEBUG      server.py      Разбор сообщения от клиента: '{'action': 'm-', 'from': 'test', 'to': 'test', 'time': 1635407518.7446291, 'mess_text': 'hjsdhfkdjfhks'}'
2021-10-28 10:52:36,374     DEBUG      server.py      Разбор сообщения от клиента: '{'action': 'exit', 'time': 1635407556.108989, 'account_name': 'test'}'
2021-10-28 11:03:13,083     DEBUG      client.py      Сформировано 'presence' сообщение для пользователя 'test'
2021-10-28 11:03:13,595     DEBUG      server.py      Разбор сообщения от клиента: '{'action': 'presence', 'time': 1635408193.0836222, 'user': {'account_name': 'test'}}'
2021-10-28 11:03:13,595     DEBUG      client.py      Приветственное сообщения от сервера: {'response': 200}, разбор.
2021-10-28 11:03:56,510     DEBUG      client.py      Сформирован словарь сообщения: {'action': 'm-', 'from': 'test', 'to': 'test', 'time': 1635408236.5106828, 'mess_text': 'ssdfsd'}.
2021-10-28 11:03:57,011     DEBUG      server.py      Разбор сообщения от клиента: '{'action': 'm-', 'from': 'test', 'to': 'test', 'time': 1635408236.5106828, 'mess_text': 'ssdfsd'}'
2021-10-28 11:05:03,711     DEBUG      server.py      Разбор сообщения от клиента: '{'action': 'exit', 'time': 1635408303.2383244, 'account_name': 'test'}'
2021-10-28 11:07:40,719     DEBUG      client.py      Сформировано 'presence' сообщение для пользователя 'test'
2021-10-28 11:07:41,219     DEBUG      server.py      Разбор сообщения от клиента: '{'action': 'presence', 'time': 1635408460.7194934, 'user': {'account_name': 'test'}}'
2021-10-28 11:07:41,219     DEBUG      client.py      Приветственное сообщения от сервера: {'response': 200}, разбор.
2021-10-28 11:08:16,948     DEBUG      client.py      Сформирован словарь сообщения: {'action': 'm-', 'from': 'test', 'to': 'test', 'time': 1635408496.9487665, 'mess_text': 'sjdhfjkdhfksj'}.
2021-10-28 11:08:16,979     DEBUG      server.py      Разбор сообщения от клиента: '{'action': 'm-', 'from': 'test', 'to': 'test', 'time': 1635408496.9487665, 'mess_text': 'sjdhfjkdhfksj'}'
2021-10-28 11:08:22,508     DEBUG      server.py      Разбор сообщения от клиента: '{'action': 'exit', 'time': 1635408502.4460647, 'account_name': 'test'}'
2021-10-28 11:18:21,357     DEBUG      client.py      Сформировано 'presence' сообщение для пользователя 'test'
2021-10-28 11:18:21,859     DEBUG      server.py      Разбор сообщения от клиента: '{'action': 'presence', 'time': 1635409101.3575952, 'user': {'account_name': 'test'}}'
2021-10-28 11:18:21,859     DEBUG      client.py      Приветственное сообщения от сервера: {'response': 200}, разбор.
2021-10-28 11:19:33,928     DEBUG      client.py      Сформирован словарь сообщения: {'action': 'm-', 'from': 'test', 'to': 'test', 'time': 1635409173.9289377, 'mess_text': 'djfhgjkdfg'}.
2021-10-28 11:19:33,960     DEBUG      server.py      Разбор сообщения от клиента: '{'action': 'm-', 'from': 'test', 'to': 'test', 'time': 1635409173.9289377, 'mess_text': 'djfhgjkdfg'}'
2021-10-28 11:22:11,772     DEBUG      client.py      Сформировано 'presence' сообщение для пользователя 'test'
2021-10-28 11:22:11,772     DEBUG      server.py      Разбор сообщения от клиента: '{'action': 'presence', 'time': 1635409331.7728488, 'user': {'account_name': 'test'}}'
2021-10-28 11:36:20,110     DEBUG      client.py      Сформировано 'presence' сообщение для пользователя 'test'
2021-10-28 11:36:20,610     DEBUG      server.py      Разбор сообщения от клиента: '{'action': 'presence', 'time': 1635410180.1103668, 'user': {'account_name': 'test'}}'
2021-10-28 11:36:20,610     DEBUG      client.py      Приветственное сообщения от сервера: {'response': 200}, разбор.
2021-10-28 11:36:37,097     DEBUG      client.py      Сформирован словарь сообщения: {'action': 'm-', 'from': 'test', 'to': 'test', 'time': 1635410197.097763, 'mess_text': 'jsdhjsfkdjkf'}.
2021-10-28 11:36:37,207     DEBUG      server.py      Разбор сообщения от клиента: '{'action': 'm-', 'from': 'test', 'to': 'test', 'time': 1635410197.097763, 'mess_text': 'jsdhjsfkdjkf'}'
2021-10-28 11:37:24,697     DEBUG      client.py      Сформировано 'presence' сообщение для пользователя 'test'
2021-10-28 11:37:25,197     DEBUG      server.py      Разбор сообщения от клиента: '{'action': 'presence', 'time': 1635410244.6971393, 'user': {'account_name': 'test'}}'
2021-10-28 21:46:06,313     DEBUG      client.py      Сформировано 'presence' сообщение для пользователя 'test'
2021-10-28 21:46:06,817     DEBUG      server.py      Разбор сообщения от клиента: '{'action': 'presence', 'time': 1635446766.313638, 'user': {'account_name': 'test'}}'
2021-10-28 21:46:06,817     DEBUG      client.py      Приветственное сообщения от сервера: {'response': 200}, разбор.
2021-10-28 21:46:18,567     DEBUG      client.py      Сформирован словарь сообщения: {'action': 'm-', 'from': 'test', 'to': 'test', 'time': 1635446778.552216, 'mess_text': 'ghjsdfhgdjf'}.
2021-10-28 21:46:18,896     DEBUG      server.py      Разбор сообщения от клиента: '{'action': 'm-', 'from': 'test', 'to': 'test', 'time': 1635446778.552216, 'mess_text': 'ghjsdfhgdjf'}'
2021-10-29 15:04:19,417     DEBUG      client.py      Сформировано 'presence' сообщение для пользователя 'test'
2021-10-29 15:04:19,917     DEBUG      server.py      Разбор сообщения от клиента: '{'action': 'presence', 'time': 1635509059.417376, 'user': {'account_name': 'test'}}'
2021-10-29 15:04:19,917     DEBUG      client.py      Приветственное сообщения от сервера: {'response': 200}, разбор.
2021-10-29 15:04:35,657     DEBUG      client.py      Сформирован словарь сообщения: {'action': 'm-', 'from': 'test', 'to': 'test', 'time': 1635509075.6575248, 'mess_text': 'dhfgdhfghd'}.
2021-10-29 15:04:36,016     DEBUG      server.py      Разбор сообщения от клиента: '{'action': 'm-', 'from': 'test', 'to': 'test', 'time': 1635509075.6575248, 'mess_text': 'dhfgdhfghd'}'
2021-10-29 15:04:57,209     DEBUG      client.py      Сформировано 'presence' сообщение для пользователя 'test'
2021-10-29 15:04:57,724     DEBUG      server.py      Разбор сообщения от клиента: '{'action': 'presence', 'time': 1635509097.2094097, 'user': {'account_name': 'test'}}'
2021-10-29 15:04:57,724     DEBUG      client.py      Приветственное сообщения от сервера: {'response': 200}, разбор.
2021-10-29 15:05:59,599     DEBUG      server.py      Разбор сообщения от клиента: '{'action': 'exit', 'time': 1635509159.5685465, 'account_name': 'test'}'
2021-10-29 17:04:48,990     DEBUG      client.py      Сформировано 'presence' сообщение для пользователя 'test1'
2021-10-29 17:04:49,002     DEBUG      client.py      Сформировано 'presence' сообщение для пользователя 'test2'
2021-10-29 17:04:49,003     DEBUG      server.py      Разбор сообщения от клиента: '{'action': 'presence', 'time': 1635516288.9905186, 'user': {'account_name': 'test1'}}'
2021-10-29 17:04:49,008     DEBUG      client.py      Сформировано 'presence' сообщение для пользователя 'test3'
2021-10-29 17:04:49,019     DEBUG      client.py      Приветственное сообщения от сервера: {'response': 200}, разбор.
2021-10-29 17:04:49,019     DEBUG      server.py      Разбор сообщения от клиента: '{'action': 'presence', 'time': 1635516289.0025206, 'user': {'account_name': 'test2'}}'
2021-10-29 17:04:49,028     DEBUG      client.py      Приветственное сообщения от сервера: {'response': 200}, разбор.
2021-10-29 17:04:49,028     DEBUG      server.py      Разбор сообщения от клиента: '{'action': 'presence', 'time': 1635516289.008522, 'user': {'account_name': 'test3'}}'
2021-10-29 17:04:49,039     DEBUG      client.py      Приветственное сообщения от сервера: {'response': 200}, разбор.
2021-10-29 17:05:18,383     DEBUG      client.py      Сформирован словарь сообщения: {'action': 'm-', 'from': 'test3', 'to': 'test2', 'time': 1635516318.3833926, 'mess_text': 'dhfdjfh'}.
2021-10-29 17:05:18,467     DEBUG      server.py      Разбор сообщения от клиента: '{'action': 'm-', 'from': 'test3', 'to': 'test2', 'time': 1635516318.3833926, 'mess_text': 'dhfdjfh'}'
2021-10-29 17:05:36,192     DEBUG      server.py      Разбор сообщения от клиента: '{'action': 'exit', 'time': 1635516336.0620773, 'account_name': 'test3'}'
2021-10-29 17:05:48,378     DEBUG      server.py      Разбор сообщения от клиента: '{'action': 'exit', 'time': 1635516347.9923546, 'account_name': 'test2'}'
2021-10-29 20:22:05,827     DEBUG      client.py      Сформировано 'presence' сообщение для пользователя 'test'
2021-10-29 20:22:05,827     DEBUG      server.py      Разбор сообщения от клиента: '{'action': 'presence', 'time': 1635528125.8278093, 'user': {'account_name': 'test'}}'
2021-10-29 20:22:06,311     DEBUG      client.py      Приветственное сообщения от сервера: {'response': 200}, разбор.
2021-10-29 20:23:53,223     DEBUG      server.py      Разбор сообщения от клиента: '{'action': 'presence', 'time': 1635528232.3118782, 'user': {'account_name': 'test1'}}'
2021-10-29 20:24:48,595     DEBUG      client.py      Сформирован словарь сообщения: {'action': 'm-', 'from': 'test', 'to': 'test1', 'time': 1635528288.5958326, 'mess_text': 'Рома. Ты сделал уроки?'}.
2021-10-29 20:24:48,627     DEBUG      server.py      Разбор сообщения от клиента: '{'action': 'm-', 'from': 'test', 'to': 'test1', 'time': 1635528288.5958326, 'mess_text': 'Рома. Ты сделал уроки?'}'
2021-10-29 20:25:43,937     DEBUG      server.py      Разбор сообщения от клиента: '{'action': 'm-', 'from': 'test1', 'to': 'test', 'time': 1635528343.1808767, 'mess_text': 'Нет'}'
2021-10-29 20:26:24,904     DEBUG      client.py      Сформирован словарь сообщения: {'action': 'm-', 'from': 'test', 'to': 'test1', 'time': 1635528384.9045324, 'mess_text': 'Удивительно'}.
2021-10-29 20:26:25,232     DEBUG      server.py      Разбор сообщения от клиента: '{'action': 'm-', 'from': 'test', 'to': 'test1', 'time': 1635528384.9045324, 'mess_text': 'Удивительно'}'
